This is pdfTeXk, Version 3.141592-1.40.3 (Web2C 7.5.6) (format=pdflatex 2007.5.18)  3 NOV 2008 16:58
entering extended mode
 file:line:error style messages enabled.
 %&-line parsing enabled.
**memo.tex
(./memo.tex
LaTeX2e <2005/12/01>
Babel <v3.8h> and hyphenation patterns for english, usenglishmax, dumylang, noh
yphenation, arabic, basque, bulgarian, coptic, welsh, czech, slovak, german, ng
erman, danish, esperanto, spanish, catalan, galician, estonian, farsi, finnish,
 french, greek, monogreek, ancientgreek, croatian, hungarian, interlingua, ibyc
us, indonesian, icelandic, italian, latin, mongolian, dutch, norsk, polish, por
tuguese, pinyin, romanian, russian, slovenian, uppersorbian, serbian, swedish, 
turkish, ukenglish, ukrainian, loaded.
(./memo.cls
Document Class: memo 1999/02/09 v1.2z Standard LaTeX document class
Document Class `memo' by Ray Seyfarth based on letter style, 9/2000. 
 
(/usr/local/texlive/2007/texmf-dist/tex/latex/base/size11.clo
File: size11.clo 2005/09/16 v1.4f Standard LaTeX file (size option)
)
\longindentation=\dimen102
\indentedwidth=\dimen103
\labelcount=\count79
)
(/usr/local/texlive/2007/texmf-dist/tex/latex/preprint/fullpage.sty
Package: fullpage 1999/02/23 1.1 (PWD)
\FP@margin=\skip41
)
(./memo.aux)
\openout1 = `memo.aux'.

LaTeX Font Info:    Checking defaults for OML/cmm/m/it on input line 5.
LaTeX Font Info:    ... okay on input line 5.
LaTeX Font Info:    Checking defaults for T1/cmr/m/n on input line 5.
LaTeX Font Info:    ... okay on input line 5.
LaTeX Font Info:    Checking defaults for OT1/cmr/m/n on input line 5.
LaTeX Font Info:    ... okay on input line 5.
LaTeX Font Info:    Checking defaults for OMS/cmsy/m/n on input line 5.
LaTeX Font Info:    ... okay on input line 5.
LaTeX Font Info:    Checking defaults for OMX/cmex/m/n on input line 5.
LaTeX Font Info:    ... okay on input line 5.
LaTeX Font Info:    Checking defaults for U/cmr/m/n on input line 5.
LaTeX Font Info:    ... okay on input line 5.
 [1

{/usr/local/texlive/2007/texmf-var/fonts/map/pdftex/updmap/pdftex.map}] (./memo
.aux) ) 
Here is how much of TeX's memory you used:
 175 strings out of 94073
 1790 string characters out of 1162984
 49804 words of memory out of 1500000
 3538 multiletter control sequences out of 10000+50000
 5160 words of font info for 19 fonts, out of 1200000 for 2000
 645 hyphenation exceptions out of 8191
 21i,4n,19p,267b,139s stack positions out of 5000i,500n,6000p,200000b,5000s
</usr/local/texlive/2007/texmf-dist/fonts/type1/bluesky/cm/cmbx10.pfb></
usr/local/texlive/2007/texmf-dist/fonts/type1/bluesky/cm/cmr10.pfb></usr/local/
texlive/2007/texmf-dist/fonts/type1/bluesky/cm/cmss12.pfb>
Output written on memo.pdf (1 page, 25172 bytes).
PDF statistics:
 18 PDF objects out of 1000 (max. 8388607)
 0 named destinations out of 1000 (max. 131072)
 1 words of extra memory for PDF output out of 10000 (max. 10000000)

